<?xml version="1.0" encoding="UTF-8"?>
<!-- Generated by org.testng.reporters.JUnitReportReporter -->
<testsuite hostname="Admin-PC" failures="0" tests="1" name="automation.testsuite.HandleDatePicker" time="10.732" errors="0" timestamp="2024-08-28T21:34:11 ICT" skipped="0">
  <testcase classname="automation.testsuite.HandleDatePicker" name="inputBirthDay" time="10.732"/>
  <system-out/>
</testsuite> <!-- automation.testsuite.HandleDatePicker -->
