<?xml version="1.0" encoding="UTF-8"?>
<!-- Generated by org.testng.reporters.JUnitReportReporter -->
<testsuite hostname="Admin-PC" failures="0" tests="1" name="automation.testsuite.Day12_Dropdownlist" time="5.431" errors="0" timestamp="2024-08-11T21:27:21 ICT" skipped="0">
  <testcase classname="automation.testsuite.Day12_Dropdownlist" name="case1_Dropdownlist" time="5.431"/>
  <system-out/>
</testsuite> <!-- automation.testsuite.Day12_Dropdownlist -->
