<?xml version="1.0" encoding="UTF-8"?>
<!-- Generated by org.testng.reporters.JUnitReportReporter -->
<testsuite hostname="Admin-PC" failures="0" tests="2" name="automation.testsuite.Day7_Test" time="0.010" errors="0" timestamp="2024-07-21T21:39:42 ICT" skipped="0">
  <testcase classname="automation.testsuite.Day7_Test" name="testCase_2" time="0.004"/>
  <system-out/>
  <testcase classname="automation.testsuite.Day7_Test" name="testCase_1" time="0.006"/>
  <system-out/>
</testsuite> <!-- automation.testsuite.Day7_Test -->
