<?xml version="1.0" encoding="UTF-8"?>
<!-- Generated by org.testng.reporters.JUnitReportReporter -->
<testsuite hostname="Admin-PC" failures="0" tests="1" name="automation.testsuite.Day12_RadioButton" time="14.418" errors="0" timestamp="2024-08-11T21:02:34 ICT" skipped="0">
  <testcase classname="automation.testsuite.Day12_RadioButton" name="case2_CheckRadioSuccessfully" time="14.418"/>
  <system-out/>
</testsuite> <!-- automation.testsuite.Day12_RadioButton -->
