<?xml version="1.0" encoding="UTF-8"?>
<!-- Generated by org.testng.reporters.JUnitReportReporter -->
<testsuite hostname="Admin-PC" failures="0" tests="4" name="automation.testsuite.Day12_Checkbox" time="32.034" errors="0" timestamp="2024-08-11T20:26:04 ICT" skipped="0">
  <testcase classname="automation.testsuite.Day12_Checkbox" name="case2_CheckMultipleCheckboxSuccessfully" time="14.726"/>
  <system-out/>
  <testcase classname="automation.testsuite.Day12_Checkbox" name="case2_CheckThisCheckboxSuccessfully" time="7.753"/>
  <system-out/>
  <testcase classname="automation.testsuite.Day12_Checkbox" name="case1_CheckDefaultValue" time="4.115"/>
  <system-out/>
  <testcase classname="automation.testsuite.Day12_Checkbox" name="case1_CheckMultipleCheckboxSuccessfully" time="5.440"/>
  <system-out/>
</testsuite> <!-- automation.testsuite.Day12_Checkbox -->
