<?xml version="1.0" encoding="UTF-8"?>
<!-- Generated by org.testng.reporters.JUnitReportReporter -->
<testsuite hostname="Admin-PC" failures="0" tests="1" name="automation.testsuite.HandleDatePicker" time="4.693" errors="0" timestamp="2024-09-02T10:38:28 ICT" skipped="0">
  <testcase classname="automation.testsuite.HandleDatePicker" name="checkGuru" time="4.693"/>
  <system-out/>
</testsuite> <!-- automation.testsuite.HandleDatePicker -->
