<?xml version="1.0" encoding="UTF-8"?>
<!-- Generated by org.testng.reporters.JUnitReportReporter -->
<testsuite hostname="Admin-PC" failures="0" tests="3" name="automation.testsuite.Day16_Alert" time="65.498" errors="0" timestamp="2024-09-04T21:24:48 ICT" skipped="0">
  <testcase classname="automation.testsuite.Day16_Alert" name="verifyAlertMessage" time="7.586"/>
  <system-out/>
  <testcase classname="automation.testsuite.Day16_Alert" name="pressOkOnAlert" time="7.124"/>
  <system-out/>
  <testcase classname="automation.testsuite.Day16_Alert" name="pressCancelOnAlert" time="50.788"/>
  <system-out/>
</testsuite> <!-- automation.testsuite.Day16_Alert -->
