<?xml version="1.0" encoding="UTF-8"?>
<!-- Generated by org.testng.reporters.JUnitReportReporter -->
<testsuite hostname="Admin-PC" failures="0" tests="1" name="automation.testsuite.Day8_Practice" time="22.568" errors="0" timestamp="2024-07-28T21:14:41 ICT" skipped="0">
  <testcase classname="automation.testsuite.Day8_Practice" name="getElementBy" time="22.568"/>
  <system-out/>
</testsuite> <!-- automation.testsuite.Day8_Practice -->
