<?xml version="1.0" encoding="UTF-8"?>
<!-- Generated by org.testng.reporters.JUnitReportReporter -->
<testsuite hostname="Admin-PC" failures="0" tests="1" name="automation.testsuite.Day8_Practice2" time="26.980" errors="0" timestamp="2024-07-28T21:30:57 ICT" skipped="0">
  <testcase classname="automation.testsuite.Day8_Practice2" name="findElementBy" time="26.980"/>
  <system-out/>
</testsuite> <!-- automation.testsuite.Day8_Practice2 -->
