<?xml version="1.0" encoding="UTF-8"?>
<!-- Generated by org.testng.reporters.JUnitReportReporter -->
<testsuite hostname="Admin-PC" failures="0" tests="1" name="automation.testsuite.UpdatePasswordTest_Day15" time="10.461" errors="0" timestamp="2024-08-28T21:10:53 ICT" skipped="0">
  <testcase classname="automation.testsuite.UpdatePasswordTest_Day15" name="updatePasswordSuccessfully" time="10.461"/>
  <system-out/>
</testsuite> <!-- automation.testsuite.UpdatePasswordTest_Day15 -->
